<?xml version="1.0" encoding="UTF-8"?>
<!-- Generated by org.testng.reporters.JUnitReportReporter -->
<testsuite hostname="DESKTOP-UBASVQK" failures="0" tests="2" name="Regression.VerifyItemNamesInCartTest" time="56.382" errors="0" timestamp="2023-03-24T02:23:09 IST" skipped="0">
  <testcase classname="Regression.VerifyItemNamesInCartTest" name="VerifyItemWithCorrectName" time="30.969"/>
  <system-out/>
  <testcase classname="Regression.VerifyItemNamesInCartTest" name="VerifyItemWithInCorrectName" time="25.413"/>
  <system-out/>
</testsuite> <!-- Regression.VerifyItemNamesInCartTest -->
