<?xml version="1.0" encoding="UTF-8"?>
<!-- Generated by org.testng.reporters.JUnitReportReporter -->
<testsuite hostname="DESKTOP-UBASVQK" failures="0" tests="2" name="Regression.StandAloneTest" time="50.773" errors="0" timestamp="2023-03-16T01:43:31 IST" skipped="0">
  <testcase classname="Regression.StandAloneTest" name="verifyorder" time="14.756"/>
  <system-out/>
  <testcase classname="Regression.StandAloneTest" name="tcc01" time="36.017"/>
  <system-out/>
</testsuite> <!-- Regression.StandAloneTest -->
