<?xml version="1.0" encoding="UTF-8"?>
<!-- Generated by org.testng.reporters.JUnitReportReporter -->
<testsuite hostname="DESKTOP-UBASVQK" failures="0" tests="2" name="Regression.VerifyItemNamesInCartTest" time="39.824" errors="0" timestamp="2023-03-07T02:03:46 IST" skipped="0">
  <testcase classname="Regression.VerifyItemNamesInCartTest" name="VerifyItemWithCorrectName" time="20.091"/>
  <system-out/>
  <testcase classname="Regression.VerifyItemNamesInCartTest" name="VerifyItemWithInCorrectName" time="19.733"/>
  <system-out/>
</testsuite> <!-- Regression.VerifyItemNamesInCartTest -->
