<?xml version="1.0" encoding="UTF-8"?>
<!-- Generated by org.testng.reporters.JUnitReportReporter -->
<testsuite hostname="DESKTOP-UBASVQK" failures="0" tests="2" name="Regression.StandAloneTest" time="49.756" errors="0" timestamp="2023-03-07T02:03:46 IST" skipped="0">
  <testcase classname="Regression.StandAloneTest" name="verifyorder" time="13.794"/>
  <system-out/>
  <testcase classname="Regression.StandAloneTest" name="tcc01" time="35.962"/>
  <system-out/>
</testsuite> <!-- Regression.StandAloneTest -->
