<?xml version="1.0" encoding="UTF-8"?>
<!-- Generated by org.testng.reporters.JUnitReportReporter -->
<testsuite hostname="DESKTOP-UBASVQK" failures="0" tests="2" name="Regression.VerifyItemNamesInCartTest" time="47.531" errors="0" timestamp="2023-03-24T02:25:25 IST" skipped="0">
  <testcase classname="Regression.VerifyItemNamesInCartTest" name="VerifyItemWithInCorrectName" time="20.567"/>
  <system-out/>
  <testcase classname="Regression.VerifyItemNamesInCartTest" name="VerifyItemWithCorrectName" time="26.964"/>
  <system-out/>
</testsuite> <!-- Regression.VerifyItemNamesInCartTest -->
