<?xml version="1.0" encoding="UTF-8"?>
<!-- Generated by org.testng.reporters.JUnitReportReporter -->
<testsuite hostname="DESKTOP-UBASVQK" failures="0" tests="2" name="Regression.StandAloneTest" time="50.239" errors="0" timestamp="2023-03-24T02:21:24 IST" skipped="0">
  <testcase classname="Regression.StandAloneTest" name="tcc01" time="36.315"/>
  <system-out/>
  <testcase classname="Regression.StandAloneTest" name="verifyorder" time="13.924"/>
  <system-out/>
</testsuite> <!-- Regression.StandAloneTest -->
